09:58:43.782 281  [main] INFO  o.s.t.c.w.WebTestContextBootstrapper
				- Loaded default TestExecutionListener class names from location [META-INF/spring.factories]: [org.springframework.test.context.web.ServletTestExecutionListener, org.springframework.test.context.support.DirtiesContextBeforeModesTestExecutionListener, org.springframework.test.context.support.DependencyInjectionTestExecutionListener, org.springframework.test.context.support.DirtiesContextTestExecutionListener, org.springframework.test.context.transaction.TransactionalTestExecutionListener, org.springframework.test.context.jdbc.SqlScriptsTestExecutionListener]
09:58:43.797 296  [main] INFO  o.s.t.c.w.WebTestContextBootstrapper
				- Using TestExecutionListeners: [org.springframework.test.context.web.ServletTestExecutionListener@55040f2f, org.springframework.test.context.support.DirtiesContextBeforeModesTestExecutionListener@64c87930, org.springframework.test.context.support.DependencyInjectionTestExecutionListener@400cff1a, org.springframework.test.context.support.DirtiesContextTestExecutionListener@275710fc, org.springframework.test.context.transaction.TransactionalTestExecutionListener@525f1e4e, org.springframework.test.context.jdbc.SqlScriptsTestExecutionListener@75f9eccc]
09:58:43.869 368  [main] INFO  o.s.w.c.s.GenericWebApplicationContext
				- Refreshing org.springframework.web.context.support.GenericWebApplicationContext@7c417213: startup date [Thu Jul 05 09:58:43 CEST 2018]; root of context hierarchy
09:58:44.339 838  [main] INFO  o.s.j.d.DriverManagerDataSource
				- Loaded JDBC driver: com.mysql.jdbc.Driver
09:58:44.401 900  [main] INFO  o.s.o.j.LocalContainerEntityManagerFactoryBean
				- Building JPA container EntityManagerFactory for persistence unit 'default'
09:58:44.417 916  [main] INFO  o.h.jpa.internal.util.LogHelper
				- HHH000204: Processing PersistenceUnitInfo [
	name: default
	...]
09:58:44.464 963  [main] INFO  org.hibernate.Version
				- HHH000412: Hibernate Core {5.3.1.Final}
09:58:44.480 979  [main] INFO  org.hibernate.cfg.Environment
				- HHH000206: hibernate.properties not found
09:58:44.543 1042 [main] INFO  o.h.annotations.common.Version
				- HCANN000001: Hibernate Commons Annotations {5.0.3.Final}
09:58:44.948 1447 [main] INFO  org.hibernate.dialect.Dialect
				- HHH000400: Using dialect: org.hibernate.dialect.MySQL5Dialect
09:58:45.639 2138 [main] INFO  o.s.o.j.LocalContainerEntityManagerFactoryBean
				- Initialized JPA EntityManagerFactory for persistence unit 'default'
09:58:46.151 2650 [main] INFO  o.s.w.s.m.m.a.RequestMappingHandlerMapping
				- Mapped "{[/api/adherent/Adherent],methods=[POST],produces=[application/json]}" onto public fr.parisbackgammon.model.Adherent fr.parisbackgammon.webservice.AdherentWebServiceRest.create(fr.parisbackgammon.model.Adherent)
09:58:46.166 2665 [main] INFO  o.s.w.s.h.SimpleUrlHandlerMapping
				- Mapped URL path [/resources/**] onto handler of type [class org.springframework.web.servlet.resource.ResourceHttpRequestHandler]
09:58:46.327 2826 [main] INFO  o.s.w.s.m.m.a.RequestMappingHandlerAdapter
				- Looking for @ControllerAdvice: org.springframework.web.context.support.GenericWebApplicationContext@7c417213: startup date [Thu Jul 05 09:58:43 CEST 2018]; root of context hierarchy
09:58:46.527 3026 [Thread-1] INFO  o.s.w.c.s.GenericWebApplicationContext
				- Closing org.springframework.web.context.support.GenericWebApplicationContext@7c417213: startup date [Thu Jul 05 09:58:43 CEST 2018]; root of context hierarchy
09:58:46.527 3026 [Thread-1] INFO  o.s.o.j.LocalContainerEntityManagerFactoryBean
				- Closing JPA EntityManagerFactory for persistence unit 'default'
10:33:21.967 276  [main] INFO  o.s.t.c.w.WebTestContextBootstrapper
				- Loaded default TestExecutionListener class names from location [META-INF/spring.factories]: [org.springframework.test.context.web.ServletTestExecutionListener, org.springframework.test.context.support.DirtiesContextBeforeModesTestExecutionListener, org.springframework.test.context.support.DependencyInjectionTestExecutionListener, org.springframework.test.context.support.DirtiesContextTestExecutionListener, org.springframework.test.context.transaction.TransactionalTestExecutionListener, org.springframework.test.context.jdbc.SqlScriptsTestExecutionListener]
10:33:21.982 291  [main] INFO  o.s.t.c.w.WebTestContextBootstrapper
				- Using TestExecutionListeners: [org.springframework.test.context.web.ServletTestExecutionListener@55040f2f, org.springframework.test.context.support.DirtiesContextBeforeModesTestExecutionListener@64c87930, org.springframework.test.context.support.DependencyInjectionTestExecutionListener@400cff1a, org.springframework.test.context.support.DirtiesContextTestExecutionListener@275710fc, org.springframework.test.context.transaction.TransactionalTestExecutionListener@525f1e4e, org.springframework.test.context.jdbc.SqlScriptsTestExecutionListener@75f9eccc]
10:33:22.045 354  [main] INFO  o.s.w.c.s.GenericWebApplicationContext
				- Refreshing org.springframework.web.context.support.GenericWebApplicationContext@7c417213: startup date [Thu Jul 05 10:33:22 CEST 2018]; root of context hierarchy
10:33:22.514 823  [main] INFO  o.s.j.d.DriverManagerDataSource
				- Loaded JDBC driver: com.mysql.jdbc.Driver
10:33:22.577 886  [main] INFO  o.s.o.j.LocalContainerEntityManagerFactoryBean
				- Building JPA container EntityManagerFactory for persistence unit 'default'
10:33:22.592 901  [main] INFO  o.h.jpa.internal.util.LogHelper
				- HHH000204: Processing PersistenceUnitInfo [
	name: default
	...]
10:33:22.639 948  [main] INFO  org.hibernate.Version
				- HHH000412: Hibernate Core {5.3.1.Final}
10:33:22.639 948  [main] INFO  org.hibernate.cfg.Environment
				- HHH000206: hibernate.properties not found
10:33:22.717 1026 [main] INFO  o.h.annotations.common.Version
				- HCANN000001: Hibernate Commons Annotations {5.0.3.Final}
10:33:23.124 1433 [main] INFO  org.hibernate.dialect.Dialect
				- HHH000400: Using dialect: org.hibernate.dialect.MySQL5Dialect
10:33:23.872 2181 [main] INFO  o.s.o.j.LocalContainerEntityManagerFactoryBean
				- Initialized JPA EntityManagerFactory for persistence unit 'default'
10:33:24.373 2682 [main] INFO  o.s.w.s.m.m.a.RequestMappingHandlerMapping
				- Mapped "{[/api/adherent/{id}],methods=[PUT]}" onto public fr.parisbackgammon.model.Adherent fr.parisbackgammon.webservice.AdherentWebServiceRest.update(fr.parisbackgammon.model.Adherent)
10:33:24.373 2682 [main] INFO  o.s.w.s.m.m.a.RequestMappingHandlerMapping
				- Mapped "{[/api/adherent/{id}],methods=[DELETE]}" onto public void fr.parisbackgammon.webservice.AdherentWebServiceRest.delete(java.lang.Integer)
10:33:24.373 2682 [main] INFO  o.s.w.s.m.m.a.RequestMappingHandlerMapping
				- Mapped "{[/api/adherent/adherent],methods=[POST],produces=[application/json]}" onto public fr.parisbackgammon.model.Adherent fr.parisbackgammon.webservice.AdherentWebServiceRest.create(fr.parisbackgammon.model.Adherent)
10:33:24.373 2682 [main] INFO  o.s.w.s.m.m.a.RequestMappingHandlerMapping
				- Mapped "{[/api/adherent],methods=[GET]}" onto public java.util.List<fr.parisbackgammon.model.Adherent> fr.parisbackgammon.webservice.AdherentWebServiceRest.readAll()
10:33:24.373 2682 [main] INFO  o.s.w.s.m.m.a.RequestMappingHandlerMapping
				- Mapped "{[/api/adherent/{id}],methods=[GET]}" onto public fr.parisbackgammon.model.Adherent fr.parisbackgammon.webservice.AdherentWebServiceRest.readMe(java.lang.Integer)
10:33:24.389 2698 [main] INFO  o.s.w.s.h.SimpleUrlHandlerMapping
				- Mapped URL path [/resources/**] onto handler of type [class org.springframework.web.servlet.resource.ResourceHttpRequestHandler]
10:33:24.561 2870 [main] INFO  o.s.w.s.m.m.a.RequestMappingHandlerAdapter
				- Looking for @ControllerAdvice: org.springframework.web.context.support.GenericWebApplicationContext@7c417213: startup date [Thu Jul 05 10:33:22 CEST 2018]; root of context hierarchy
10:33:24.748 3057 [Thread-1] INFO  o.s.w.c.s.GenericWebApplicationContext
				- Closing org.springframework.web.context.support.GenericWebApplicationContext@7c417213: startup date [Thu Jul 05 10:33:22 CEST 2018]; root of context hierarchy
10:33:24.748 3057 [Thread-1] INFO  o.s.o.j.LocalContainerEntityManagerFactoryBean
				- Closing JPA EntityManagerFactory for persistence unit 'default'
10:47:26.895 281  [main] INFO  o.s.t.c.w.WebTestContextBootstrapper
				- Loaded default TestExecutionListener class names from location [META-INF/spring.factories]: [org.springframework.test.context.web.ServletTestExecutionListener, org.springframework.test.context.support.DirtiesContextBeforeModesTestExecutionListener, org.springframework.test.context.support.DependencyInjectionTestExecutionListener, org.springframework.test.context.support.DirtiesContextTestExecutionListener, org.springframework.test.context.transaction.TransactionalTestExecutionListener, org.springframework.test.context.jdbc.SqlScriptsTestExecutionListener]
10:47:26.901 287  [main] INFO  o.s.t.c.w.WebTestContextBootstrapper
				- Using TestExecutionListeners: [org.springframework.test.context.web.ServletTestExecutionListener@55040f2f, org.springframework.test.context.support.DirtiesContextBeforeModesTestExecutionListener@64c87930, org.springframework.test.context.support.DependencyInjectionTestExecutionListener@400cff1a, org.springframework.test.context.support.DirtiesContextTestExecutionListener@275710fc, org.springframework.test.context.transaction.TransactionalTestExecutionListener@525f1e4e, org.springframework.test.context.jdbc.SqlScriptsTestExecutionListener@75f9eccc]
10:47:26.979 365  [main] INFO  o.s.w.c.s.GenericWebApplicationContext
				- Refreshing org.springframework.web.context.support.GenericWebApplicationContext@7c417213: startup date [Thu Jul 05 10:47:26 CEST 2018]; root of context hierarchy
10:47:27.417 803  [main] INFO  o.s.j.d.DriverManagerDataSource
				- Loaded JDBC driver: com.mysql.jdbc.Driver
10:47:27.479 865  [main] INFO  o.s.o.j.LocalContainerEntityManagerFactoryBean
				- Building JPA container EntityManagerFactory for persistence unit 'default'
10:47:27.495 881  [main] INFO  o.h.jpa.internal.util.LogHelper
				- HHH000204: Processing PersistenceUnitInfo [
	name: default
	...]
10:47:27.557 943  [main] INFO  org.hibernate.Version
				- HHH000412: Hibernate Core {5.3.1.Final}
10:47:27.557 943  [main] INFO  org.hibernate.cfg.Environment
				- HHH000206: hibernate.properties not found
10:47:27.620 1006 [main] INFO  o.h.annotations.common.Version
				- HCANN000001: Hibernate Commons Annotations {5.0.3.Final}
10:47:28.026 1412 [main] INFO  org.hibernate.dialect.Dialect
				- HHH000400: Using dialect: org.hibernate.dialect.MySQL5Dialect
10:47:28.830 2216 [main] INFO  o.s.o.j.LocalContainerEntityManagerFactoryBean
				- Initialized JPA EntityManagerFactory for persistence unit 'default'
10:47:29.334 2720 [main] INFO  o.s.w.s.m.m.a.RequestMappingHandlerMapping
				- Mapped "{[/api/adherent/{id}],methods=[PUT]}" onto public fr.parisbackgammon.model.Adherent fr.parisbackgammon.webservice.AdherentWebServiceRest.update(fr.parisbackgammon.model.Adherent)
10:47:29.334 2720 [main] INFO  o.s.w.s.m.m.a.RequestMappingHandlerMapping
				- Mapped "{[/api/adherent/{id}],methods=[DELETE]}" onto public void fr.parisbackgammon.webservice.AdherentWebServiceRest.delete(java.lang.Integer)
10:47:29.349 2735 [main] INFO  o.s.w.s.m.m.a.RequestMappingHandlerMapping
				- Mapped "{[/api/adherent/adherent],methods=[POST],produces=[application/json]}" onto public fr.parisbackgammon.model.Adherent fr.parisbackgammon.webservice.AdherentWebServiceRest.create(fr.parisbackgammon.model.Adherent)
10:47:29.349 2735 [main] INFO  o.s.w.s.m.m.a.RequestMappingHandlerMapping
				- Mapped "{[/api/adherent],methods=[GET]}" onto public java.util.List<fr.parisbackgammon.model.Adherent> fr.parisbackgammon.webservice.AdherentWebServiceRest.readAll()
10:47:29.349 2735 [main] INFO  o.s.w.s.m.m.a.RequestMappingHandlerMapping
				- Mapped "{[/api/adherent/{id}],methods=[GET]}" onto public fr.parisbackgammon.model.Adherent fr.parisbackgammon.webservice.AdherentWebServiceRest.readMe(java.lang.Integer)
10:47:29.365 2751 [main] INFO  o.s.w.s.h.SimpleUrlHandlerMapping
				- Mapped URL path [/resources/**] onto handler of type [class org.springframework.web.servlet.resource.ResourceHttpRequestHandler]
10:47:29.521 2907 [main] INFO  o.s.w.s.m.m.a.RequestMappingHandlerAdapter
				- Looking for @ControllerAdvice: org.springframework.web.context.support.GenericWebApplicationContext@7c417213: startup date [Thu Jul 05 10:47:26 CEST 2018]; root of context hierarchy
10:47:29.740 3126 [Thread-1] INFO  o.s.w.c.s.GenericWebApplicationContext
				- Closing org.springframework.web.context.support.GenericWebApplicationContext@7c417213: startup date [Thu Jul 05 10:47:26 CEST 2018]; root of context hierarchy
10:47:29.740 3126 [Thread-1] INFO  o.s.o.j.LocalContainerEntityManagerFactoryBean
				- Closing JPA EntityManagerFactory for persistence unit 'default'
